William logged in at time : Fri Aug 02 2019 18:58:37 GMT+0530 (India Standard Time)
Wilkerson logged in at time : Fri Aug 02 2019 19:10:44 GMT+0530 (India Standard Time)
eliot -- eliot@gmail.com logged in at time : Fri Aug 02 2019 19:37:41 GMT+0530 (India Standard Time)
eliot -- eliot@gmail.com logged in at time : Fri Aug 02 2019 19:44:46 GMT+0530 (India Standard Time)

William -- william@gmail.com logged in at time : Fri Aug 02 2019 19:53:20 GMT+0530 (India Standard Time)
Wilkerson -- wilkerson@gmail.com logged in at time : Fri Aug 02 2019 19:55:23 GMT+0530 (India Standard Time)
eliot -- eliot@gmail.com logged in at time : Fri Aug 02 2019 19:56:12 GMT+0530 (India Standard Time)
eliot -- eliot@gmail.com logged in at time : Fri Aug 02 2019 19:58:07 GMT+0530 (India Standard Time)
William -- william@gmail.com logged in at time : Sat Aug 03 2019 16:20:06 GMT+0530 (India Standard Time)
Wilkerson -- wilkerson@gmail.com logged in at time : Sat Aug 03 2019 16:50:31 GMT+0530 (India Standard Time)
eliot -- eliot@gmail.com logged in at time : Sat Aug 03 2019 17:08:13 GMT+0530 (India Standard Time)
eliot -- eliot@gmail.com logged in at time : Sun Aug 04 2019 16:42:55 GMT+0530 (India Standard Time)
eliot -- eliot@gmail.com logged in at time : Sun Aug 04 2019 18:30:13 GMT+0530 (India Standard Time)
Wilkerson -- wilkerson@gmail.com logged in at time : Mon Aug 05 2019 16:32:50 GMT+0530 (India Standard Time)
William -- william@gmail.com logged in at time : Mon Aug 05 2019 17:47:11 GMT+0530 (India Standard Time)
William -- william@gmail.com logged in at time : Mon Aug 05 2019 18:03:48 GMT+0530 (India Standard Time)
William -- william@gmail.com logged in at time : Tue Aug 06 2019 17:48:11 GMT+0530 (India Standard Time)
William -- william@gmail.com logged in at time : Tue Aug 06 2019 22:32:05 GMT+0530 (India Standard Time)
eliot -- eliot@gmail.com logged in at time : Wed Aug 07 2019 22:14:38 GMT+0530 (India Standard Time)
William -- william@gmail.com logged in at time : Wed Aug 07 2019 22:35:30 GMT+0530 (India Standard Time)
eliot -- eliot@gmail.com logged in at time : Thu Aug 08 2019 18:40:47 GMT+0530 (India Standard Time)
eliot -- eliot@gmail.com logged in at time : Thu Aug 08 2019 21:42:30 GMT+0530 (India Standard Time)
William -- william@gmail.com logged in at time : Thu Aug 08 2019 21:55:56 GMT+0530 (India Standard Time)
Wilkerson -- wilkerson@gmail.com logged in at time : Fri Aug 09 2019 17:53:27 GMT+0530 (India Standard Time)
William -- william@gmail.com logged in at time : Fri Aug 09 2019 18:03:57 GMT+0530 (India Standard Time)
eliot -- eliot@gmail.com logged in at time : Fri Aug 09 2019 18:35:57 GMT+0530 (India Standard Time)
eliot -- eliot@gmail.com logged in at time : Fri Aug 09 2019 22:10:15 GMT+0530 (India Standard Time)
eliot -- eliot@gmail.com logged in at time : Sat Aug 10 2019 17:45:18 GMT+0530 (India Standard Time)
William -- william@gmail.com logged in at time : Sat Aug 10 2019 18:14:16 GMT+0530 (India Standard Time)
Wilkerson -- wilkerson@gmail.com logged in at time : Sat Aug 10 2019 23:48:52 GMT+0530 (India Standard Time)